<?xml version="1.0" encoding="UTF-8"?>
<testng-results ignored="0" total="1" passed="1" failed="0" skipped="0">
  <reporter-output>
  </reporter-output>
  <suite started-at="2022-06-14T11:25:58 CDT" name="Default suite" finished-at="2022-06-14T11:26:09 CDT" duration-ms="11566">
    <groups>
    </groups>
    <test started-at="2022-06-14T11:25:58 CDT" name="Default test" finished-at="2022-06-14T11:26:09 CDT" duration-ms="11566">
      <class name="com.coursetune.tests.CourseTuneTest">
        <test-method is-config="true" signature="beforeTest()[pri:0, instance:com.coursetune.tests.CourseTuneTest@5a56cdac]" started-at="2022-06-14T11:25:58 CDT" name="beforeTest" finished-at="2022-06-14T11:25:59 CDT" duration-ms="1586" status="PASS">
          <reporter-output>
          </reporter-output>
        </test-method> <!-- beforeTest -->
        <test-method signature="TestLogin()[pri:0, instance:com.coursetune.tests.CourseTuneTest@5a56cdac]" started-at="2022-06-14T11:25:59 CDT" name="TestLogin" finished-at="2022-06-14T11:26:09 CDT" duration-ms="9958" status="PASS">
          <reporter-output>
          </reporter-output>
        </test-method> <!-- TestLogin -->
        <test-method is-config="true" signature="afterTest()[pri:0, instance:com.coursetune.tests.CourseTuneTest@5a56cdac]" started-at="2022-06-14T11:26:09 CDT" name="afterTest" finished-at="2022-06-14T11:26:09 CDT" duration-ms="0" status="PASS">
          <reporter-output>
          </reporter-output>
        </test-method> <!-- afterTest -->
      </class> <!-- com.coursetune.tests.CourseTuneTest -->
    </test> <!-- Default test -->
  </suite> <!-- Default suite -->
</testng-results>
